{"/Users/bukinoshita/github/infinity/infinity-service/server.js": {"path":"/Users/bukinoshita/github/infinity/infinity-service/server.js","statementMap":{"0":{"start":{"line":2,"column":16},"end":{"line":2,"column":34}},"1":{"start":{"line":3,"column":19},"end":{"line":3,"column":41}},"2":{"start":{"line":4,"column":15},"end":{"line":4,"column":32}},"3":{"start":{"line":5,"column":13},"end":{"line":5,"column":28}},"4":{"start":{"line":6,"column":17},"end":{"line":6,"column":36}},"5":{"start":{"line":7,"column":25},"end":{"line":7,"column":53}},"6":{"start":{"line":9,"column":0},"end":{"line":9,"column":24}},"7":{"start":{"line":12,"column":15},"end":{"line":12,"column":34}},"8":{"start":{"line":15,"column":24},"end":{"line":15,"column":61}},"9":{"start":{"line":16,"column":15},"end":{"line":16,"column":34}},"10":{"start":{"line":18,"column":12},"end":{"line":18,"column":21}},"11":{"start":{"line":20,"column":15},"end":{"line":20,"column":68}},"12":{"start":{"line":21,"column":20},"end":{"line":21,"column":30}},"13":{"start":{"line":23,"column":0},"end":{"line":23,"column":33}},"14":{"start":{"line":25,"column":0},"end":{"line":25,"column":17}},"15":{"start":{"line":27,"column":0},"end":{"line":27,"column":19}},"16":{"start":{"line":28,"column":0},"end":{"line":28,"column":26}},"17":{"start":{"line":29,"column":0},"end":{"line":29,"column":51}},"18":{"start":{"line":30,"column":0},"end":{"line":30,"column":22}},"19":{"start":{"line":31,"column":0},"end":{"line":31,"column":27}},"20":{"start":{"line":32,"column":0},"end":{"line":32,"column":48}},"21":{"start":{"line":33,"column":0},"end":{"line":33,"column":26}},"22":{"start":{"line":34,"column":0},"end":{"line":34,"column":35}},"23":{"start":{"line":36,"column":0},"end":{"line":36,"column":11}},"24":{"start":{"line":38,"column":0},"end":{"line":45,"column":2}},"25":{"start":{"line":39,"column":2},"end":{"line":43,"column":3}},"26":{"start":{"line":44,"column":2},"end":{"line":44,"column":46}},"27":{"start":{"line":47,"column":0},"end":{"line":47,"column":20}}},"fnMap":{"0":{"name":"(anonymous_0)","decl":{"start":{"line":38,"column":28},"end":{"line":38,"column":29}},"loc":{"start":{"line":38,"column":34},"end":{"line":45,"column":1}},"line":38}},"branchMap":{"0":{"loc":{"start":{"line":20,"column":15},"end":{"line":20,"column":68}},"type":"cond-expr","locations":[{"start":{"line":20,"column":35},"end":{"line":20,"column":63}},{"start":{"line":20,"column":66},"end":{"line":20,"column":68}}],"line":20},"1":{"loc":{"start":{"line":32,"column":16},"end":{"line":32,"column":47}},"type":"binary-expr","locations":[{"start":{"line":32,"column":16},"end":{"line":32,"column":27}},{"start":{"line":32,"column":31},"end":{"line":32,"column":47}}],"line":32}},"s":{"0":1,"1":1,"2":1,"3":1,"4":1,"5":1,"6":1,"7":1,"8":1,"9":1,"10":1,"11":1,"12":1,"13":1,"14":1,"15":1,"16":1,"17":1,"18":1,"19":1,"20":1,"21":1,"22":1,"23":1,"24":1,"25":1,"26":1,"27":1},"f":{"0":1},"b":{"0":[1,0],"1":[1,0]},"_coverageSchema":"43e27e138ebf9cfc5966b082cf9a028302ed4184","hash":"70d0dc1d9de24b9c422083ea453987aeb65d35f6"}
,"/Users/bukinoshita/github/infinity/infinity-service/config/index.js": {"path":"/Users/bukinoshita/github/infinity/infinity-service/config/index.js","statementMap":{"0":{"start":{"line":1,"column":0},"end":{"line":12,"column":1}}},"fnMap":{},"branchMap":{},"s":{"0":1},"f":{},"b":{},"_coverageSchema":"43e27e138ebf9cfc5966b082cf9a028302ed4184","hash":"7d35be34863495de2704a3a90bfca8a06ce77164"}
,"/Users/bukinoshita/github/infinity/infinity-service/controllers/health/index.js": {"path":"/Users/bukinoshita/github/infinity/infinity-service/controllers/health/index.js","statementMap":{"0":{"start":{"line":1,"column":0},"end":{"line":1,"column":30}}},"fnMap":{},"branchMap":{},"s":{"0":1},"f":{},"b":{},"_coverageSchema":"43e27e138ebf9cfc5966b082cf9a028302ed4184","hash":"2c42f13603b0897b9c9e242d48c91ca099427ac3"}
,"/Users/bukinoshita/github/infinity/infinity-service/controllers/health/get/index.js": {"path":"/Users/bukinoshita/github/infinity/infinity-service/controllers/health/get/index.js","statementMap":{"0":{"start":{"line":2,"column":29},"end":{"line":2,"column":63}},"1":{"start":{"line":4,"column":12},"end":{"line":17,"column":1}},"2":{"start":{"line":5,"column":2},"end":{"line":7,"column":3}},"3":{"start":{"line":6,"column":4},"end":{"line":6,"column":59}},"4":{"start":{"line":9,"column":2},"end":{"line":16,"column":4}},"5":{"start":{"line":19,"column":0},"end":{"line":19,"column":20}}},"fnMap":{"0":{"name":"(anonymous_0)","decl":{"start":{"line":4,"column":12},"end":{"line":4,"column":13}},"loc":{"start":{"line":4,"column":26},"end":{"line":17,"column":1}},"line":4}},"branchMap":{"0":{"loc":{"start":{"line":5,"column":2},"end":{"line":7,"column":3}},"type":"if","locations":[{"start":{"line":5,"column":2},"end":{"line":7,"column":3}},{"start":{"line":5,"column":2},"end":{"line":7,"column":3}}],"line":5}},"s":{"0":1,"1":1,"2":1,"3":0,"4":1,"5":1},"f":{"0":1},"b":{"0":[0,1]},"_coverageSchema":"43e27e138ebf9cfc5966b082cf9a028302ed4184","hash":"7bc55befea6d4d9f7ccc1b765f654efa395d2c7d"}
,"/Users/bukinoshita/github/infinity/infinity-service/controllers/health/get/is-database-connected/index.js": {"path":"/Users/bukinoshita/github/infinity/infinity-service/controllers/health/get/is-database-connected/index.js","statementMap":{"0":{"start":{"line":2,"column":17},"end":{"line":2,"column":36}},"1":{"start":{"line":4,"column":28},"end":{"line":4,"column":70}},"2":{"start":{"line":4,"column":34},"end":{"line":4,"column":70}},"3":{"start":{"line":6,"column":0},"end":{"line":6,"column":36}}},"fnMap":{"0":{"name":"(anonymous_0)","decl":{"start":{"line":4,"column":28},"end":{"line":4,"column":29}},"loc":{"start":{"line":4,"column":34},"end":{"line":4,"column":70}},"line":4}},"branchMap":{},"s":{"0":2,"1":2,"2":2,"3":2},"f":{"0":2},"b":{},"_coverageSchema":"43e27e138ebf9cfc5966b082cf9a028302ed4184","hash":"70418974541d69d4987fff47b764c64a0aaffa79"}
,"/Users/bukinoshita/github/infinity/infinity-service/helpers/connect-database/index.js": {"path":"/Users/bukinoshita/github/infinity/infinity-service/helpers/connect-database/index.js","statementMap":{"0":{"start":{"line":2,"column":17},"end":{"line":2,"column":36}},"1":{"start":{"line":5,"column":15},"end":{"line":5,"column":38}},"2":{"start":{"line":7,"column":24},"end":{"line":18,"column":1}},"3":{"start":{"line":8,"column":2},"end":{"line":11,"column":3}},"4":{"start":{"line":12,"column":2},"end":{"line":16,"column":3}},"5":{"start":{"line":13,"column":4},"end":{"line":15,"column":5}},"6":{"start":{"line":17,"column":2},"end":{"line":17,"column":77}},"7":{"start":{"line":17,"column":39},"end":{"line":17,"column":76}},"8":{"start":{"line":20,"column":0},"end":{"line":20,"column":32}}},"fnMap":{"0":{"name":"(anonymous_0)","decl":{"start":{"line":7,"column":24},"end":{"line":7,"column":25}},"loc":{"start":{"line":7,"column":30},"end":{"line":18,"column":1}},"line":7},"1":{"name":"(anonymous_1)","decl":{"start":{"line":12,"column":34},"end":{"line":12,"column":35}},"loc":{"start":{"line":13,"column":4},"end":{"line":15,"column":5}},"line":13},"2":{"name":"(anonymous_2)","decl":{"start":{"line":17,"column":33},"end":{"line":17,"column":34}},"loc":{"start":{"line":17,"column":39},"end":{"line":17,"column":76}},"line":17}},"branchMap":{},"s":{"0":1,"1":1,"2":1,"3":2,"4":2,"5":0,"6":2,"7":0,"8":1},"f":{"0":2,"1":0,"2":0},"b":{},"_coverageSchema":"43e27e138ebf9cfc5966b082cf9a028302ed4184","hash":"a520570018668761c0381c7c96d6af05da61ea40"}
,"/Users/bukinoshita/github/infinity/infinity-service/routes/index.js": {"path":"/Users/bukinoshita/github/infinity/infinity-service/routes/index.js","statementMap":{"0":{"start":{"line":2,"column":39},"end":{"line":2,"column":60}},"1":{"start":{"line":5,"column":20},"end":{"line":5,"column":39}},"2":{"start":{"line":7,"column":0},"end":{"line":18,"column":1}},"3":{"start":{"line":8,"column":2},"end":{"line":15,"column":4}},"4":{"start":{"line":9,"column":4},"end":{"line":14,"column":6}},"5":{"start":{"line":17,"column":2},"end":{"line":17,"column":18}}},"fnMap":{"0":{"name":"(anonymous_0)","decl":{"start":{"line":7,"column":17},"end":{"line":7,"column":18}},"loc":{"start":{"line":7,"column":24},"end":{"line":18,"column":1}},"line":7},"1":{"name":"(anonymous_1)","decl":{"start":{"line":8,"column":15},"end":{"line":8,"column":16}},"loc":{"start":{"line":8,"column":29},"end":{"line":15,"column":3}},"line":8}},"branchMap":{},"s":{"0":1,"1":1,"2":1,"3":1,"4":0,"5":1},"f":{"0":1,"1":0},"b":{},"_coverageSchema":"43e27e138ebf9cfc5966b082cf9a028302ed4184","hash":"16bf53fca246e102238f763c0ef9d3be7c908b88"}
,"/Users/bukinoshita/github/infinity/infinity-service/routes/health/index.js": {"path":"/Users/bukinoshita/github/infinity/infinity-service/routes/health/index.js","statementMap":{"0":{"start":{"line":2,"column":25},"end":{"line":2,"column":60}},"1":{"start":{"line":4,"column":20},"end":{"line":6,"column":1}},"2":{"start":{"line":5,"column":2},"end":{"line":5,"column":42}},"3":{"start":{"line":8,"column":0},"end":{"line":8,"column":28}}},"fnMap":{"0":{"name":"(anonymous_0)","decl":{"start":{"line":4,"column":20},"end":{"line":4,"column":21}},"loc":{"start":{"line":4,"column":27},"end":{"line":6,"column":1}},"line":4}},"branchMap":{},"s":{"0":1,"1":1,"2":1,"3":1},"f":{"0":1},"b":{},"_coverageSchema":"43e27e138ebf9cfc5966b082cf9a028302ed4184","hash":"99a8636184eeb76afbed370fd74224f6fc99e1a0"}
}
